2026-04-05 11:09:58 INFO  StudentController - Showing registration form
2026-04-05 11:10:38 INFO  StudentController - Student registered successfully: id=2, name=gowri junnuri
2026-04-05 11:10:40 INFO  StudentController - Listing all students
2026-04-05 11:18:45 INFO  GracefulShutdown - Commencing graceful shutdown. Waiting for active requests to complete
2026-04-05 11:18:46 INFO  GracefulShutdown - Graceful shutdown complete
2026-04-05 11:18:46 INFO  LocalContainerEntityManagerFactoryBean - Closing JPA EntityManagerFactory for persistence unit 'default'
2026-04-05 11:19:32 INFO  AnnotationConfigContextLoaderUtils - Could not detect default configuration classes for test class [com.student.register.studentregistration.StudentregistrationApplicationTests]: StudentregistrationApplicationTests does not declare any static, non-private, non-final, nested classes annotated with @Configuration.
2026-04-05 11:19:32 INFO  SpringBootTestContextBootstrapper - Found @SpringBootConfiguration com.student.register.studentregistration.StudentregistrationApplication for test class com.student.register.studentregistration.StudentregistrationApplicationTests
2026-04-05 11:19:32 INFO  AnnotationConfigContextLoaderUtils - Could not detect default configuration classes for test class [com.student.register.studentregistration.StudentregistrationApplicationTests]: StudentregistrationApplicationTests does not declare any static, non-private, non-final, nested classes annotated with @Configuration.
2026-04-05 11:19:32 INFO  SpringBootTestContextBootstrapper - Found @SpringBootConfiguration com.student.register.studentregistration.StudentregistrationApplication for test class com.student.register.studentregistration.StudentregistrationApplicationTests
2026-04-05 11:19:32 INFO  StudentregistrationApplicationTests - Starting StudentregistrationApplicationTests using Java 17.0.13 with PID 4740 (started by skumpatla in C:\Data\Java\studentregistration)
2026-04-05 11:19:32 INFO  StudentregistrationApplicationTests - No active profile set, falling back to 1 default profile: "default"
2026-04-05 11:19:33 INFO  Version - HV000001: Hibernate Validator 9.0.1.Final
2026-04-05 11:19:33 INFO  RepositoryConfigurationDelegate - Bootstrapping Spring Data JPA repositories in DEFAULT mode.
2026-04-05 11:19:33 INFO  RepositoryConfigurationDelegate - Finished Spring Data repository scanning in 66 ms. Found 1 JPA repository interface.
2026-04-05 11:19:34 INFO  jpa - HHH008540: Processing PersistenceUnitInfo [name: default]
2026-04-05 11:19:34 INFO  core - HHH000001: Hibernate ORM core version 7.2.7.Final
2026-04-05 11:19:35 INFO  SpringPersistenceUnitInfo - No LoadTimeWeaver setup: ignoring JPA class transformer
2026-04-05 11:19:35 INFO  pooling - HHH10001005: Database info:
	Database JDBC URL [jdbc:h2:mem:studentdb]
	Database driver: H2 JDBC Driver
	Database dialect: H2Dialect
	Database version: 2.4.240
	Default catalog/schema: STUDENTDB/PUBLIC
	Autocommit mode: undefined/unknown
	Isolation level: READ_COMMITTED [default READ_COMMITTED]
	JDBC fetch size: 100
	Pool: DataSourceConnectionProvider
	Minimum pool size: undefined/unknown
	Maximum pool size: undefined/unknown
2026-04-05 11:19:36 INFO  core - HHH000489: No JTA platform available (set 'hibernate.transaction.jta.platform' to enable JTA platform integration)
2026-04-05 11:19:36 INFO  LocalContainerEntityManagerFactoryBean - Initialized JPA EntityManagerFactory for persistence unit 'default'
2026-04-05 11:19:36 INFO  QueryEnhancerFactories - Hibernate is in classpath; If applicable, HQL parser will be used.
2026-04-05 11:19:37 WARN  JpaBaseConfiguration$JpaWebConfiguration - spring.jpa.open-in-view is enabled by default. Therefore, database queries may be performed during view rendering. Explicitly configure spring.jpa.open-in-view to disable this warning
2026-04-05 11:19:37 INFO  StudentregistrationApplicationTests - Started StudentregistrationApplicationTests in 5.379 seconds (process running for 7.849)
2026-04-05 11:19:39 INFO  LocalContainerEntityManagerFactoryBean - Closing JPA EntityManagerFactory for persistence unit 'default'
